<?xml version="1.0" encoding="UTF-8"?>
<!-- Generated by org.testng.reporters.JUnitXMLReporter -->
<testsuite ignored="0" hostname="LAPTOP-CR0AC305" failures="1" tests="2" name="firefox" time="16.588" errors="0" timestamp="2023-03-18T20:59:07 IST">
  <testcase classname="test_Classes.LogInTestCases" name="VerifyLoginFunctionalityWithvalidData" time="2.991">
    <failure type="java.lang.AssertionError" message="null">
      <![CDATA[java.lang.AssertionError: null
at test_Classes.LogInTestCases.VerifyLoginFunctionalityWithvalidData(LogInTestCases.java:88)
at java.base/java.util.ArrayList.forEach(ArrayList.java:1511)
... Removed 27 stack frames]]>
    </failure>
  </testcase> <!-- VerifyLoginFunctionalityWithvalidData -->
  <testcase classname="test_Classes.LogInTestCases" name="VerifyLoginFunctionalityWithInvalidData" time="0.171"/>
</testsuite> <!-- firefox -->
