<?xml version="1.0" encoding="UTF-8"?>
<!-- Generated by org.testng.reporters.JUnitXMLReporter -->
<testsuite ignored="0" hostname="LAPTOP-CR0AC305" failures="0" tests="3" name="Gecko" time="5.993" errors="0" timestamp="2023-03-09T12:11:27 IST">
  <testcase classname="test_Classes.TestNG2" name="test4" time="0.0">
    <skipped/>
  </testcase> <!-- test4 -->
  <testcase classname="test_Classes.TestNG2" name="test5" time="0.0">
    <skipped/>
  </testcase> <!-- test5 -->
  <testcase classname="test_Classes.TestNG2" name="test6" time="0.001">
    <skipped/>
  </testcase> <!-- test6 -->
</testsuite> <!-- Gecko -->
