<?xml version="1.0" encoding="UTF-8"?>
<!-- Generated by org.testng.reporters.JUnitXMLReporter -->
<testsuite ignored="3" hostname="LAPTOP-CR0AC305" failures="0" tests="3" name="Test" time="0.089" errors="0" timestamp="2023-03-08T23:43:28 IST">
  <testcase classname="test_Classes.TestNG1" name="test1" time="0.012"/>
  <testcase classname="test_Classes.TestNG2" name="test3" time="0.013"/>
  <testcase classname="test_Classes.TestNG2" name="test4" time="0.002"/>
  <testcase classname="test_Classes.TestNG2" name="test5" time="0.0">
    <ignored/>
  </testcase> <!-- test5 -->
  <testcase classname="test_Classes.TestNG1" name="test2" time="0.0">
    <ignored/>
  </testcase> <!-- test2 -->
  <testcase classname="test_Classes.TestNG1" name="test3" time="0.0">
    <ignored/>
  </testcase> <!-- test3 -->
</testsuite> <!-- Test -->
